<?xml version="1.0" encoding="UTF-8"?>
<!-- Generated by org.testng.reporters.JUnitReportReporter -->
<testsuite hostname="Nikhil19" failures="0" tests="2" name="Selenium_End_To_End.Test2" time="5.231" errors="0" timestamp="2022-07-29T15:04:37 IST" skipped="0">
  <testcase classname="Selenium_End_To_End.Test2" name="iframe" time="5.163"/>
  <system-out/>
  <testcase classname="Selenium_End_To_End.Test2" name="webTable" time="0.068"/>
  <system-out/>
</testsuite> <!-- Selenium_End_To_End.Test2 -->
