<?xml version="1.0" encoding="UTF-8"?>
<!-- Generated by org.testng.reporters.JUnitReportReporter -->
<testsuite hostname="Nikhil19" failures="0" tests="1" name="Selenium_End_To_End.NewTest" time="5.288" errors="0" timestamp="2022-07-29T13:42:24 IST" skipped="0">
  <testcase classname="Selenium_End_To_End.NewTest" name="iframe" time="5.288"/>
  <system-out/>
</testsuite> <!-- Selenium_End_To_End.NewTest -->
