<?xml version="1.0" encoding="UTF-8"?>
<!-- Generated by org.testng.reporters.JUnitReportReporter -->
<testsuite hostname="Nikhil19" failures="0" tests="1" name="Selenium_End_To_End.Test3" time="39.430" errors="0" timestamp="2022-07-29T15:28:08 IST" skipped="0">
  <testcase classname="Selenium_End_To_End.Test3" name="openlinksSeprateTabs" time="39.430"/>
  <system-out/>
</testsuite> <!-- Selenium_End_To_End.Test3 -->
